This is pdfTeX, Version 3.141592653-2.6-1.40.29 (TeX Live 2026) (preloaded format=pdflatex 2026.5.12)  13 MAY 2026 16:38
entering extended mode
 restricted \write18 enabled.
 %&-line parsing enabled.
**ufe_ssm.tex
(./ufe_ssm.tex
LaTeX2e <2025-11-01>
L3 programming layer <2026-01-19>
(/usr/local/texlive/2026/texmf-dist/tex/latex/base/article.cls
Document Class: article 2025/01/22 v1.4n Standard LaTeX document class
(/usr/local/texlive/2026/texmf-dist/tex/latex/base/size12.clo
File: size12.clo 2025/01/22 v1.4n Standard LaTeX file (size option)
)
\c@part=\count275
\c@section=\count276
\c@subsection=\count277
\c@subsubsection=\count278
\c@paragraph=\count279
\c@subparagraph=\count280
\c@figure=\count281
\c@table=\count282
\abovecaptionskip=\skip49
\belowcaptionskip=\skip50
\bibindent=\dimen148
)
(/usr/local/texlive/2026/texmf-dist/tex/latex/base/inputenc.sty
Package: inputenc 2024/02/08 v1.3d Input encoding file
\inpenc@prehook=\toks17
\inpenc@posthook=\toks18
)
(/usr/local/texlive/2026/texmf-dist/tex/latex/base/fontenc.sty
Package: fontenc 2025/07/18 v2.1d Standard LaTeX package

(/usr/local/texlive/2026/texmf-dist/tex/latex/cyrillic/t2aenc.def
File: t2aenc.def 2023/11/07 v1.0k Cyrillic encoding definition file
Now handling font encoding T2A ...
... processing UTF-8 mapping file for font encoding T2A

(/usr/local/texlive/2026/texmf-dist/tex/latex/base/t2aenc.dfu
File: t2aenc.dfu 2022/06/07 v1.3c UTF-8 support
   defining Unicode char U+00A4 (decimal 164)
   defining Unicode char U+00A7 (decimal 167)
   defining Unicode char U+00AB (decimal 171)
   defining Unicode char U+00BB (decimal 187)
   defining Unicode char U+0131 (decimal 305)
   defining Unicode char U+0237 (decimal 567)
   defining Unicode char U+0400 (decimal 1024)
   defining Unicode char U+0401 (decimal 1025)
   defining Unicode char U+0402 (decimal 1026)
   defining Unicode char U+0403 (decimal 1027)
   defining Unicode char U+0404 (decimal 1028)
   defining Unicode char U+0405 (decimal 1029)
   defining Unicode char U+0406 (decimal 1030)
   defining Unicode char U+0407 (decimal 1031)
   defining Unicode char U+0408 (decimal 1032)
   defining Unicode char U+0409 (decimal 1033)
   defining Unicode char U+040A (decimal 1034)
   defining Unicode char U+040B (decimal 1035)
   defining Unicode char U+040C (decimal 1036)
   defining Unicode char U+040D (decimal 1037)
   defining Unicode char U+040E (decimal 1038)
   defining Unicode char U+040F (decimal 1039)
   defining Unicode char U+0410 (decimal 1040)
   defining Unicode char U+0411 (decimal 1041)
   defining Unicode char U+0412 (decimal 1042)
   defining Unicode char U+0413 (decimal 1043)
   defining Unicode char U+0414 (decimal 1044)
   defining Unicode char U+0415 (decimal 1045)
   defining Unicode char U+0416 (decimal 1046)
   defining Unicode char U+0417 (decimal 1047)
   defining Unicode char U+0418 (decimal 1048)
   defining Unicode char U+0419 (decimal 1049)
   defining Unicode char U+041A (decimal 1050)
   defining Unicode char U+041B (decimal 1051)
   defining Unicode char U+041C (decimal 1052)
   defining Unicode char U+041D (decimal 1053)
   defining Unicode char U+041E (decimal 1054)
   defining Unicode char U+041F (decimal 1055)
   defining Unicode char U+0420 (decimal 1056)
   defining Unicode char U+0421 (decimal 1057)
   defining Unicode char U+0422 (decimal 1058)
   defining Unicode char U+0423 (decimal 1059)
   defining Unicode char U+0424 (decimal 1060)
   defining Unicode char U+0425 (decimal 1061)
   defining Unicode char U+0426 (decimal 1062)
   defining Unicode char U+0427 (decimal 1063)
   defining Unicode char U+0428 (decimal 1064)
   defining Unicode char U+0429 (decimal 1065)
   defining Unicode char U+042A (decimal 1066)
   defining Unicode char U+042B (decimal 1067)
   defining Unicode char U+042C (decimal 1068)
   defining Unicode char U+042D (decimal 1069)
   defining Unicode char U+042E (decimal 1070)
   defining Unicode char U+042F (decimal 1071)
   defining Unicode char U+0430 (decimal 1072)
   defining Unicode char U+0431 (decimal 1073)
   defining Unicode char U+0432 (decimal 1074)
   defining Unicode char U+0433 (decimal 1075)
   defining Unicode char U+0434 (decimal 1076)
   defining Unicode char U+0435 (decimal 1077)
   defining Unicode char U+0436 (decimal 1078)
   defining Unicode char U+0437 (decimal 1079)
   defining Unicode char U+0438 (decimal 1080)
   defining Unicode char U+0439 (decimal 1081)
   defining Unicode char U+043A (decimal 1082)
   defining Unicode char U+043B (decimal 1083)
   defining Unicode char U+043C (decimal 1084)
   defining Unicode char U+043D (decimal 1085)
   defining Unicode char U+043E (decimal 1086)
   defining Unicode char U+043F (decimal 1087)
   defining Unicode char U+0440 (decimal 1088)
   defining Unicode char U+0441 (decimal 1089)
   defining Unicode char U+0442 (decimal 1090)
   defining Unicode char U+0443 (decimal 1091)
   defining Unicode char U+0444 (decimal 1092)
   defining Unicode char U+0445 (decimal 1093)
   defining Unicode char U+0446 (decimal 1094)
   defining Unicode char U+0447 (decimal 1095)
   defining Unicode char U+0448 (decimal 1096)
   defining Unicode char U+0449 (decimal 1097)
   defining Unicode char U+044A (decimal 1098)
   defining Unicode char U+044B (decimal 1099)
   defining Unicode char U+044C (decimal 1100)
   defining Unicode char U+044D (decimal 1101)
   defining Unicode char U+044E (decimal 1102)
   defining Unicode char U+044F (decimal 1103)
   defining Unicode char U+0450 (decimal 1104)
   defining Unicode char U+0451 (decimal 1105)
   defining Unicode char U+0452 (decimal 1106)
   defining Unicode char U+0453 (decimal 1107)
   defining Unicode char U+0454 (decimal 1108)
   defining Unicode char U+0455 (decimal 1109)
   defining Unicode char U+0456 (decimal 1110)
   defining Unicode char U+0457 (decimal 1111)
   defining Unicode char U+0458 (decimal 1112)
   defining Unicode char U+0459 (decimal 1113)
   defining Unicode char U+045A (decimal 1114)
   defining Unicode char U+045B (decimal 1115)
   defining Unicode char U+045C (decimal 1116)
   defining Unicode char U+045D (decimal 1117)
   defining Unicode char U+045E (decimal 1118)
   defining Unicode char U+045F (decimal 1119)
   defining Unicode char U+0490 (decimal 1168)
   defining Unicode char U+0491 (decimal 1169)
   defining Unicode char U+0492 (decimal 1170)
   defining Unicode char U+0493 (decimal 1171)
   defining Unicode char U+0496 (decimal 1174)
   defining Unicode char U+0497 (decimal 1175)
   defining Unicode char U+0498 (decimal 1176)
   defining Unicode char U+0499 (decimal 1177)
   defining Unicode char U+049A (decimal 1178)
   defining Unicode char U+049B (decimal 1179)
   defining Unicode char U+049C (decimal 1180)
   defining Unicode char U+049D (decimal 1181)
   defining Unicode char U+04A0 (decimal 1184)
   defining Unicode char U+04A1 (decimal 1185)
   defining Unicode char U+04A2 (decimal 1186)
   defining Unicode char U+04A3 (decimal 1187)
   defining Unicode char U+04A4 (decimal 1188)
   defining Unicode char U+04A5 (decimal 1189)
   defining Unicode char U+04AA (decimal 1194)
   defining Unicode char U+04AB (decimal 1195)
   defining Unicode char U+04AE (decimal 1198)
   defining Unicode char U+04AF (decimal 1199)
   defining Unicode char U+04B0 (decimal 1200)
   defining Unicode char U+04B1 (decimal 1201)
   defining Unicode char U+04B2 (decimal 1202)
   defining Unicode char U+04B3 (decimal 1203)
   defining Unicode char U+04B6 (decimal 1206)
   defining Unicode char U+04B7 (decimal 1207)
   defining Unicode char U+04B8 (decimal 1208)
   defining Unicode char U+04B9 (decimal 1209)
   defining Unicode char U+04BA (decimal 1210)
   defining Unicode char U+04BB (decimal 1211)
   defining Unicode char U+04C0 (decimal 1216)
   defining Unicode char U+04C1 (decimal 1217)
   defining Unicode char U+04C2 (decimal 1218)
   defining Unicode char U+04D0 (decimal 1232)
   defining Unicode char U+04D1 (decimal 1233)
   defining Unicode char U+04D2 (decimal 1234)
   defining Unicode char U+04D3 (decimal 1235)
   defining Unicode char U+04D4 (decimal 1236)
   defining Unicode char U+04D5 (decimal 1237)
   defining Unicode char U+04D6 (decimal 1238)
   defining Unicode char U+04D7 (decimal 1239)
   defining Unicode char U+04D8 (decimal 1240)
   defining Unicode char U+04D9 (decimal 1241)
   defining Unicode char U+04DA (decimal 1242)
   defining Unicode char U+04DB (decimal 1243)
   defining Unicode char U+04DC (decimal 1244)
   defining Unicode char U+04DD (decimal 1245)
   defining Unicode char U+04DE (decimal 1246)
   defining Unicode char U+04DF (decimal 1247)
   defining Unicode char U+04E2 (decimal 1250)
   defining Unicode char U+04E3 (decimal 1251)
   defining Unicode char U+04E4 (decimal 1252)
   defining Unicode char U+04E5 (decimal 1253)
   defining Unicode char U+04E6 (decimal 1254)
   defining Unicode char U+04E7 (decimal 1255)
   defining Unicode char U+04E8 (decimal 1256)
   defining Unicode char U+04E9 (decimal 1257)
   defining Unicode char U+04EC (decimal 1260)
   defining Unicode char U+04ED (decimal 1261)
   defining Unicode char U+04EE (decimal 1262)
   defining Unicode char U+04EF (decimal 1263)
   defining Unicode char U+04F0 (decimal 1264)
   defining Unicode char U+04F1 (decimal 1265)
   defining Unicode char U+04F2 (decimal 1266)
   defining Unicode char U+04F3 (decimal 1267)
   defining Unicode char U+04F4 (decimal 1268)
   defining Unicode char U+04F5 (decimal 1269)
   defining Unicode char U+04F8 (decimal 1272)
   defining Unicode char U+04F9 (decimal 1273)
   defining Unicode char U+200C (decimal 8204)
   defining Unicode char U+2013 (decimal 8211)
   defining Unicode char U+2014 (decimal 8212)
   defining Unicode char U+2018 (decimal 8216)
   defining Unicode char U+2019 (decimal 8217)
   defining Unicode char U+201C (decimal 8220)
   defining Unicode char U+201D (decimal 8221)
   defining Unicode char U+201E (decimal 8222)
   defining Unicode char U+2030 (decimal 8240)
   defining Unicode char U+2031 (decimal 8241)
   defining Unicode char U+2116 (decimal 8470)
   defining Unicode char U+2329 (decimal 9001)
   defining Unicode char U+3008 (decimal 12296)
   defining Unicode char U+232A (decimal 9002)
   defining Unicode char U+3009 (decimal 12297)
   defining Unicode char U+2423 (decimal 9251)
   defining Unicode char U+27E8 (decimal 10216)
   defining Unicode char U+27E9 (decimal 10217)
   defining Unicode char U+FB00 (decimal 64256)
   defining Unicode char U+FB01 (decimal 64257)
   defining Unicode char U+FB02 (decimal 64258)
   defining Unicode char U+FB03 (decimal 64259)
   defining Unicode char U+FB04 (decimal 64260)
   defining Unicode char U+FB05 (decimal 64261)
   defining Unicode char U+FB06 (decimal 64262)
))
LaTeX Font Info:    Trying to load font information for T2A+cmr on input line 1
16.

(/usr/local/texlive/2026/texmf-dist/tex/latex/cyrillic/t2acmr.fd
File: t2acmr.fd 2001/08/11 v1.0a Computer Modern Cyrillic font definitions
))
(/usr/local/texlive/2026/texmf-dist/tex/generic/babel/babel.sty
Package: babel 2026/03/08 v26.4 The multilingual framework for LuaLaTeX, pdfLaT
eX and XeLaTeX
\babel@savecnt=\count283
LaTeX Encoding Info:    Redeclaring text command \ij (encoding OT1) on input li
ne 2078.
LaTeX Encoding Info:    Redeclaring text command \IJ (encoding OT1) on input li
ne 2080.
LaTeX Encoding Info:    Redeclaring text command \ij (encoding T1) on input lin
e 2082.
LaTeX Encoding Info:    Redeclaring text command \IJ (encoding T1) on input lin
e 2083.
LaTeX Encoding Info:    Ignoring declaration for text command \ij (encoding ?) 
on input line 2084.
LaTeX Encoding Info:    Ignoring declaration for text command \IJ (encoding ?) 
on input line 2086.
LaTeX Encoding Info:    Ignoring declaration for text command \SS (encoding ?) 
on input line 2111.
\U@D=\dimen149
\l@unhyphenated=\language91

(/usr/local/texlive/2026/texmf-dist/tex/generic/babel/txtbabel.def)
\bbl@readstream=\read2
\bbl@dirlevel=\count284

(/usr/local/texlive/2026/texmf-dist/tex/generic/babel/locale/uk/babel-ukrainian
.tex)
Package babel Info: Importing font and identification data for ukrainian
(babel)             from babel-uk.ini. Reported on input line 4330.

(/usr/local/texlive/2026/texmf-dist/tex/generic/babel-ukrainian/ukraineb.ldf
File: ukraineb.ldf 2020/10/14 1.4e Ukrainian support for the Babel system
Package babel Info: Making " an active character on input line 97.
Package babel Info: Default for \cyrdash is provided on input line 142.
))
(/usr/local/texlive/2026/texmf-dist/tex/latex/amsmath/amsmath.sty
Package: amsmath 2025/07/09 v2.17z AMS math features
\@mathmargin=\skip51

For additional information on amsmath, use the `?' option.
(/usr/local/texlive/2026/texmf-dist/tex/latex/amsmath/amstext.sty
Package: amstext 2024/11/17 v2.01 AMS text

(/usr/local/texlive/2026/texmf-dist/tex/latex/amsmath/amsgen.sty
File: amsgen.sty 1999/11/30 v2.0 generic functions
\@emptytoks=\toks19
\ex@=\dimen150
))
(/usr/local/texlive/2026/texmf-dist/tex/latex/amsmath/amsbsy.sty
Package: amsbsy 1999/11/29 v1.2d Bold Symbols
\pmbraise@=\dimen151
)
(/usr/local/texlive/2026/texmf-dist/tex/latex/amsmath/amsopn.sty
Package: amsopn 2022/04/08 v2.04 operator names
)
\inf@bad=\count285
LaTeX Info: Redefining \frac on input line 233.
\uproot@=\count286
\leftroot@=\count287
LaTeX Info: Redefining \overline on input line 398.
LaTeX Info: Redefining \colon on input line 409.
\classnum@=\count288
\DOTSCASE@=\count289
LaTeX Info: Redefining \ldots on input line 495.
LaTeX Info: Redefining \dots on input line 498.
LaTeX Info: Redefining \cdots on input line 619.
\Mathstrutbox@=\box53
\strutbox@=\box54
LaTeX Info: Redefining \big on input line 721.
LaTeX Info: Redefining \Big on input line 722.
LaTeX Info: Redefining \bigg on input line 723.
LaTeX Info: Redefining \Bigg on input line 724.
\big@size=\dimen152
LaTeX Font Info:    Redeclaring font encoding OML on input line 742.
LaTeX Font Info:    Redeclaring font encoding OMS on input line 743.
\macc@depth=\count290
LaTeX Info: Redefining \bmod on input line 904.
LaTeX Info: Redefining \pmod on input line 909.
LaTeX Info: Redefining \smash on input line 939.
LaTeX Info: Redefining \relbar on input line 969.
LaTeX Info: Redefining \Relbar on input line 970.
\c@MaxMatrixCols=\count291
\dotsspace@=\muskip17
\c@parentequation=\count292
\dspbrk@lvl=\count293
\tag@help=\toks20
\row@=\count294
\column@=\count295
\maxfields@=\count296
\andhelp@=\toks21
\eqnshift@=\dimen153
\alignsep@=\dimen154
\tagshift@=\dimen155
\tagwidth@=\dimen156
\totwidth@=\dimen157
\lineht@=\dimen158
\@envbody=\toks22
\multlinegap=\skip52
\multlinetaggap=\skip53
\mathdisplay@stack=\toks23
LaTeX Info: Redefining \[ on input line 2950.
LaTeX Info: Redefining \] on input line 2951.
)
(/usr/local/texlive/2026/texmf-dist/tex/latex/amsfonts/amssymb.sty
Package: amssymb 2013/01/14 v3.01 AMS font symbols

(/usr/local/texlive/2026/texmf-dist/tex/latex/amsfonts/amsfonts.sty
Package: amsfonts 2013/01/14 v3.01 Basic AMSFonts support
\symAMSa=\mathgroup4
\symAMSb=\mathgroup5
LaTeX Font Info:    Redeclaring math symbol \hbar on input line 98.
LaTeX Font Info:    Overwriting math alphabet `\mathfrak' in version `bold'
(Font)                  U/euf/m/n --> U/euf/b/n on input line 106.
))
(/usr/local/texlive/2026/texmf-dist/tex/latex/tools/array.sty
Package: array 2025/09/25 v2.6n Tabular extension package (FMi)
\col@sep=\dimen159
\ar@mcellbox=\box55
\extrarowheight=\dimen160
\NC@list=\toks24
\extratabsurround=\skip54
\backup@length=\skip55
\ar@cellbox=\box56
)
(/usr/local/texlive/2026/texmf-dist/tex/latex/booktabs/booktabs.sty
Package: booktabs 2020/01/12 v1.61803398 Publication quality tables
\heavyrulewidth=\dimen161
\lightrulewidth=\dimen162
\cmidrulewidth=\dimen163
\belowrulesep=\dimen164
\belowbottomsep=\dimen165
\aboverulesep=\dimen166
\abovetopsep=\dimen167
\cmidrulesep=\dimen168
\cmidrulekern=\dimen169
\defaultaddspace=\dimen170
\@cmidla=\count297
\@cmidlb=\count298
\@aboverulesep=\dimen171
\@belowrulesep=\dimen172
\@thisruleclass=\count299
\@lastruleclass=\count300
\@thisrulewidth=\dimen173
)
(/usr/local/texlive/2026/texmf-dist/tex/latex/tools/tabularx.sty
Package: tabularx 2023/12/11 v2.12a `tabularx' package (DPC)
\TX@col@width=\dimen174
\TX@old@table=\dimen175
\TX@old@col=\dimen176
\TX@target=\dimen177
\TX@delta=\dimen178
\TX@cols=\count301
\TX@ftn=\toks25
)
(/usr/local/texlive/2026/texmf-dist/tex/latex/tools/longtable.sty
Package: longtable 2025-10-13 v4.24 Multi-page Table package (DPC)
\LTleft=\skip56
\LTright=\skip57
\LTpre=\skip58
\LTpost=\skip59
\LTchunksize=\count302
\LTcapwidth=\dimen179
\LT@head=\box57
\LT@firsthead=\box58
\LT@foot=\box59
\LT@lastfoot=\box60
\LT@gbox=\box61
\LT@cols=\count303
\LT@rows=\count304
\c@LT@tables=\count305
\c@LT@chunks=\count306
\LT@p@ftn=\toks26
)
(/usr/local/texlive/2026/texmf-dist/tex/latex/geometry/geometry.sty
Package: geometry 2026/03/07 v6.0 Page Geometry

(/usr/local/texlive/2026/texmf-dist/tex/latex/graphics/keyval.sty
Package: keyval 2022/05/29 v1.15 key=value parser (DPC)
\KV@toks@=\toks27
)
(/usr/local/texlive/2026/texmf-dist/tex/generic/iftex/ifvtex.sty
Package: ifvtex 2019/10/25 v1.7 ifvtex legacy package. Use iftex instead.

(/usr/local/texlive/2026/texmf-dist/tex/generic/iftex/iftex.sty
Package: iftex 2024/12/12 v1.0g TeX engine tests
))
\Gm@cnth=\count307
\Gm@cntv=\count308
\c@Gm@tempcnt=\count309
\Gm@bindingoffset=\dimen180
\Gm@wd@mp=\dimen181
\Gm@odd@mp=\dimen182
\Gm@even@mp=\dimen183
\Gm@layoutwidth=\dimen184
\Gm@layoutheight=\dimen185
\Gm@layouthoffset=\dimen186
\Gm@layoutvoffset=\dimen187
\Gm@dimlist=\toks28
)
(/usr/local/texlive/2026/texmf-dist/tex/latex/hyperref/hyperref.sty
Package: hyperref 2026-01-29 v7.01p Hypertext links for LaTeX

(/usr/local/texlive/2026/texmf-dist/tex/latex/kvsetkeys/kvsetkeys.sty
Package: kvsetkeys 2022-10-05 v1.19 Key value parser (HO)
)
(/usr/local/texlive/2026/texmf-dist/tex/generic/kvdefinekeys/kvdefinekeys.sty
Package: kvdefinekeys 2019-12-19 v1.6 Define keys (HO)
)
(/usr/local/texlive/2026/texmf-dist/tex/generic/pdfescape/pdfescape.sty
Package: pdfescape 2019/12/09 v1.15 Implements pdfTeX's escape features (HO)

(/usr/local/texlive/2026/texmf-dist/tex/generic/ltxcmds/ltxcmds.sty
Package: ltxcmds 2023-12-04 v1.26 LaTeX kernel commands for general use (HO)
)
(/usr/local/texlive/2026/texmf-dist/tex/generic/pdftexcmds/pdftexcmds.sty
Package: pdftexcmds 2020-06-27 v0.33 Utility functions of pdfTeX for LuaTeX (HO
)

(/usr/local/texlive/2026/texmf-dist/tex/generic/infwarerr/infwarerr.sty
Package: infwarerr 2019/12/03 v1.5 Providing info/warning/error messages (HO)
)
Package pdftexcmds Info: \pdf@primitive is available.
Package pdftexcmds Info: \pdf@ifprimitive is available.
Package pdftexcmds Info: \pdfdraftmode found.
))
(/usr/local/texlive/2026/texmf-dist/tex/latex/hycolor/hycolor.sty
Package: hycolor 2020-01-27 v1.10 Color options for hyperref/bookmark (HO)
)
(/usr/local/texlive/2026/texmf-dist/tex/latex/hyperref/nameref.sty
Package: nameref 2026-01-29 v2.58 Cross-referencing by name of section

(/usr/local/texlive/2026/texmf-dist/tex/latex/refcount/refcount.sty
Package: refcount 2019/12/15 v3.6 Data extraction from label references (HO)
)
(/usr/local/texlive/2026/texmf-dist/tex/generic/gettitlestring/gettitlestring.s
ty
Package: gettitlestring 2019/12/15 v1.6 Cleanup title references (HO)
 (/usr/local/texlive/2026/texmf-dist/tex/latex/kvoptions/kvoptions.sty
Package: kvoptions 2022-06-15 v3.15 Key value format for package options (HO)
))
\c@section@level=\count310
)
(/usr/local/texlive/2026/texmf-dist/tex/latex/etoolbox/etoolbox.sty
Package: etoolbox 2025/10/02 v2.5m e-TeX tools for LaTeX (JAW)
\etb@tempcnta=\count311
)
(/usr/local/texlive/2026/texmf-dist/tex/generic/stringenc/stringenc.sty
Package: stringenc 2019/11/29 v1.12 Convert strings between diff. encodings (HO
)
)
\@linkdim=\dimen188
\Hy@linkcounter=\count312
\Hy@pagecounter=\count313

(/usr/local/texlive/2026/texmf-dist/tex/latex/hyperref/pd1enc.def
File: pd1enc.def 2026-01-29 v7.01p Hyperref: PDFDocEncoding definition (HO)
Now handling font encoding PD1 ...
... no UTF-8 mapping file for font encoding PD1
)
(/usr/local/texlive/2026/texmf-dist/tex/generic/intcalc/intcalc.sty
Package: intcalc 2019/12/15 v1.3 Expandable calculations with integers (HO)
)
\Hy@SavedSpaceFactor=\count314

(/usr/local/texlive/2026/texmf-dist/tex/latex/hyperref/puenc.def
File: puenc.def 2026-01-29 v7.01p Hyperref: PDF Unicode definition (HO)
Now handling font encoding PU ...
... no UTF-8 mapping file for font encoding PU
)
Package hyperref Info: Hyper figures OFF on input line 4201.
Package hyperref Info: Link nesting OFF on input line 4206.
Package hyperref Info: Hyper index ON on input line 4209.
Package hyperref Info: Plain pages OFF on input line 4216.
Package hyperref Info: Backreferencing OFF on input line 4221.
Package hyperref Info: Implicit mode ON; LaTeX internals redefined.
Package hyperref Info: Bookmarks ON on input line 4468.
\c@Hy@tempcnt=\count315

(/usr/local/texlive/2026/texmf-dist/tex/latex/url/url.sty
\Urlmuskip=\muskip18
Package: url 2013/09/16  ver 3.4  Verb mode for urls, etc.
)
LaTeX Info: Redefining \url on input line 4807.
\XeTeXLinkMargin=\dimen189

(/usr/local/texlive/2026/texmf-dist/tex/generic/bitset/bitset.sty
Package: bitset 2019/12/09 v1.3 Handle bit-vector datatype (HO)

(/usr/local/texlive/2026/texmf-dist/tex/generic/bigintcalc/bigintcalc.sty
Package: bigintcalc 2019/12/15 v1.5 Expandable calculations on big integers (HO
)
))
\Fld@menulength=\count316
\Field@Width=\dimen190
\Fld@charsize=\dimen191
Package hyperref Info: Hyper figures OFF on input line 6084.
Package hyperref Info: Link nesting OFF on input line 6089.
Package hyperref Info: Hyper index ON on input line 6092.
Package hyperref Info: backreferencing OFF on input line 6099.
Package hyperref Info: Link coloring OFF on input line 6104.
Package hyperref Info: Link coloring with OCG OFF on input line 6109.
Package hyperref Info: PDF/A mode OFF on input line 6114.
\Hy@abspage=\count317
\c@Item=\count318
\c@Hfootnote=\count319
)
Package hyperref Info: Driver (autodetected): hpdftex.

(/usr/local/texlive/2026/texmf-dist/tex/latex/hyperref/hpdftex.def
File: hpdftex.def 2026-01-29 v7.01p Hyperref driver for pdfTeX
\Fld@listcount=\count320
\c@bookmark@seq@number=\count321

(/usr/local/texlive/2026/texmf-dist/tex/latex/rerunfilecheck/rerunfilecheck.sty
Package: rerunfilecheck 2025-06-21 v1.11 Rerun checks for auxiliary files (HO)

(/usr/local/texlive/2026/texmf-dist/tex/generic/uniquecounter/uniquecounter.sty
Package: uniquecounter 2019/12/15 v1.4 Provide unlimited unique counter (HO)
)
Package uniquecounter Info: New unique counter `rerunfilecheck' on input line 2
84.
)
\Hy@SectionHShift=\skip60
)
(/usr/local/texlive/2026/texmf-dist/tex/latex/l3backend/l3backend-pdftex.def
File: l3backend-pdftex.def 2025-10-09 L3 backend support: PDF output (pdfTeX)
\l__color_backend_stack_int=\count322
)
(./ufe_ssm.aux
Package babel Info: 'ukrainian' activates 'ukrainian' shorthands.
(babel)             Reported on input line 14.
)
\openout1 = `ufe_ssm.aux'.

LaTeX Font Info:    Checking defaults for OML/cmm/m/it on input line 20.
LaTeX Font Info:    ... okay on input line 20.
LaTeX Font Info:    Checking defaults for OMS/cmsy/m/n on input line 20.
LaTeX Font Info:    ... okay on input line 20.
LaTeX Font Info:    Checking defaults for OT1/cmr/m/n on input line 20.
LaTeX Font Info:    ... okay on input line 20.
LaTeX Font Info:    Checking defaults for T1/cmr/m/n on input line 20.
LaTeX Font Info:    ... okay on input line 20.
LaTeX Font Info:    Checking defaults for TS1/cmr/m/n on input line 20.
LaTeX Font Info:    ... okay on input line 20.
LaTeX Font Info:    Checking defaults for OMX/cmex/m/n on input line 20.
LaTeX Font Info:    ... okay on input line 20.
LaTeX Font Info:    Checking defaults for U/cmr/m/n on input line 20.
LaTeX Font Info:    ... okay on input line 20.
LaTeX Font Info:    Checking defaults for T2A/cmr/m/n on input line 20.
LaTeX Font Info:    ... okay on input line 20.
LaTeX Font Info:    Checking defaults for PD1/pdf/m/n on input line 20.
LaTeX Font Info:    ... okay on input line 20.
LaTeX Font Info:    Checking defaults for PU/pdf/m/n on input line 20.
LaTeX Font Info:    ... okay on input line 20.
LaTeX Info: Redefining \th on input line 20.

*geometry* driver: auto-detecting
*geometry* detected driver: pdftex
*geometry* verbose mode - [ preamble ] result:
* driver: pdftex
* paper: a4paper
* layout: <same size as paper>
* layoutoffset:(h,v)=(0.0pt,0.0pt)
* modes: 
* h-part:(L,W,R)=(42.67912pt, 512.14963pt, 42.67912pt)
* v-part:(T,H,B)=(42.67912pt, 759.6886pt, 42.67912pt)
* \paperwidth=597.50787pt
* \paperheight=845.04684pt
* \textwidth=512.14963pt
* \textheight=759.6886pt
* \oddsidemargin=-29.59087pt
* \evensidemargin=-29.59087pt
* \topmargin=-66.59087pt
* \headheight=12.0pt
* \headsep=25.0pt
* \topskip=12.0pt
* \footskip=30.0pt
* \marginparwidth=35.0pt
* \marginparsep=10.0pt
* \columnsep=10.0pt
* \skip\footins=10.8pt plus 4.0pt minus 2.0pt
* \hoffset=0.0pt
* \voffset=0.0pt
* \mag=1000
* \@twocolumnfalse
* \@twosidefalse
* \@mparswitchfalse
* \@reversemarginfalse
* (1in=72.27pt=25.4mm, 1cm=28.453pt)

Package hyperref Info: Link coloring OFF on input line 20.
(./ufe_ssm.out) (./ufe_ssm.out)
\@outlinefile=\write3
\openout3 = `ufe_ssm.out'.

LaTeX Font Info:    Trying to load font information for U+msa on input line 31.


(/usr/local/texlive/2026/texmf-dist/tex/latex/amsfonts/umsa.fd
File: umsa.fd 2013/01/14 v3.01 AMS symbols A
)
LaTeX Font Info:    Trying to load font information for U+msb on input line 31.


(/usr/local/texlive/2026/texmf-dist/tex/latex/amsfonts/umsb.fd
File: umsb.fd 2013/01/14 v3.01 AMS symbols B
)
Underfull \hbox (badness 10000) in paragraph at lines 60--61
[]|\T2A/cmr/bx/n/12 Структурна
 []


Underfull \hbox (badness 10000) in paragraph at lines 62--63
[]|\T2A/cmr/bx/n/12 Кандидат на
 []


Overfull \hbox (16.48746pt too wide) in paragraph at lines 64--65
[]|\T2A/cmr/bx/n/12 Iнтерпретацiйний
 []


Underfull \hbox (badness 5022) in paragraph at lines 66--68
[]|\T2A/cmr/bx/n/12 Основне обме-
 []


Overfull \hbox (8.78487pt too wide) in alignment at lines 56--69
 [] [] [] [] [] 
 []


Underfull \hbox (badness 10000) in paragraph at lines 74--75
[]|\T2A/cmr/bx/n/12 Структурна
 []


Underfull \hbox (badness 10000) in paragraph at lines 76--77
[]|\T2A/cmr/bx/n/12 Кандидат на
 []


Overfull \hbox (16.48746pt too wide) in paragraph at lines 78--79
[]|\T2A/cmr/bx/n/12 Iнтерпретацiйний
 []


Underfull \hbox (badness 5022) in paragraph at lines 80--82
[]|\T2A/cmr/bx/n/12 Основне обме-
 []


Overfull \hbox (8.78487pt too wide) in alignment at lines 69--83
 [] [] [] [] [] 
 []


Underfull \hbox (badness 10000) in paragraph at lines 85--86
[]|\T2A/cmr/m/n/12 HiPPO та
 []


Underfull \hbox (badness 10000) in paragraph at lines 85--86
\T2A/cmr/m/n/12 ран-нi LTI
 []


Underfull \hbox (badness 10000) in paragraph at lines 87--89
[]|\T2A/cmr/m/n/12 Лiнiйна часово-
 []


Underfull \hbox (badness 1242) in paragraph at lines 87--89
\T2A/cmr/m/n/12 iнварiантна си-сте-
 []


Underfull \hbox (badness 10000) in paragraph at lines 87--89
\T2A/cmr/m/n/12 iсто-рiю си-гна-лу
 []


Underfull \hbox (badness 2142) in paragraph at lines 90--91
[]|\T2A/cmr/m/n/12 Коефiцi№нт ба-зи-
 []


Underfull \hbox (badness 10000) in paragraph at lines 92--93
[]|\T2A/cmr/m/n/12 Часовий мас-
 []


Underfull \hbox (badness 10000) in paragraph at lines 92--93
\T2A/cmr/m/n/12 штаб, тренд,
 []


Underfull \hbox (badness 10000) in paragraph at lines 92--93
\T2A/cmr/m/n/12 дов-го-три-ва-ла
 []


Underfull \hbox (badness 10000) in paragraph at lines 94--97
[]|\T2A/cmr/m/n/12 Коефiцi№нти
 []


Underfull \hbox (badness 5862) in paragraph at lines 94--97
\T2A/cmr/m/n/12 ча-сто № аб-стра-
 []


Underfull \hbox (badness 10000) in paragraph at lines 94--97
\T2A/cmr/m/n/12 ктни-ми i не
 []


Underfull \hbox (badness 10000) in paragraph at lines 94--97
\T2A/cmr/m/n/12 ма-ють пря-моЁ
 []


Underfull \hbox (badness 10000) in paragraph at lines 94--97
\T2A/cmr/m/n/12 се-ман-ти-чноЁ
 []


Underfull \hbox (badness 10000) in paragraph at lines 100--101
[]|\T2A/cmr/m/n/12 Структурована
 []


Underfull \hbox (badness 10000) in paragraph at lines 100--101
\T2A/cmr/m/n/12 SSM з ма-три-
 []


Underfull \hbox (badness 10000) in paragraph at lines 100--101
\T2A/cmr/m/n/12 цею ста-ну ти-пу
 []


Underfull \hbox (badness 1365) in paragraph at lines 100--101
\T2A/cmr/m/n/12 di-agonal plus low-
 []


Underfull \hbox (badness 10000) in paragraph at lines 102--103
[]|\T2A/cmr/m/n/12 Ядро згор-тки,
 []


Underfull \hbox (badness 10000) in paragraph at lines 102--103
\T2A/cmr/m/n/12 по-люс, вла-сна
 []


Underfull \hbox (badness 10000) in paragraph at lines 102--103
\T2A/cmr/m/n/12 мо-да, полюсно-
 []


Underfull \hbox (badness 10000) in paragraph at lines 102--103
\T2A/cmr/m/n/12 резидуальна
 []


Underfull \hbox (badness 10000) in paragraph at lines 104--105
[]|\T2A/cmr/m/n/12 Довготривала
 []


Underfull \hbox (badness 10000) in paragraph at lines 104--105
\T2A/cmr/m/n/12 за-ле-жнiсть,
 []


Underfull \hbox (badness 10000) in paragraph at lines 104--105
\T2A/cmr/m/n/12 лаг, ча-сто-тний
 []


Underfull \hbox (badness 2913) in paragraph at lines 106--108
[]|\T2A/cmr/m/n/12 Сирi ко-ор-ди-на-ти
 []


Underfull \hbox (badness 10000) in paragraph at lines 111--112
[]|\T2A/cmr/m/n/12 Дiагональна або
 []


Underfull \hbox (badness 10000) in paragraph at lines 111--112
\T2A/cmr/m/n/12 спро-ще-на дi-а-го-
 []


Underfull \hbox (badness 10000) in paragraph at lines 113--114
[]|\T2A/cmr/m/n/12 Окрема дi-а-го-
 []


Underfull \hbox (badness 10000) in paragraph at lines 115--116
[]|\T2A/cmr/m/n/12 Чистiший ча-
 []


Underfull \hbox (badness 5274) in paragraph at lines 115--116
\T2A/cmr/m/n/12 со-вий або спе-
 []


Underfull \hbox (badness 10000) in paragraph at lines 115--116
\T2A/cmr/m/n/12 ктраль-ний
 []


Underfull \hbox (badness 2573) in paragraph at lines 117--119
\T2A/cmr/m/n/12 нi мо-ди мо-жуть
 []


Underfull \hbox (badness 10000) in paragraph at lines 117--119
\T2A/cmr/m/n/12 змi-шу-ва-ти рi-
 []


Underfull \hbox (badness 10000) in paragraph at lines 117--119
\T2A/cmr/m/n/12 знi се-ман-ти-чнi
 []


Underfull \hbox (badness 10000) in paragraph at lines 122--123
\T2A/cmr/m/n/12 один ба-га-тов-хi-
 []


Underfull \hbox (badness 5231) in paragraph at lines 122--123
\T2A/cmr/m/n/12 дний i ба-га-то-ви-
 []


Underfull \hbox (badness 10000) in paragraph at lines 122--123
\T2A/cmr/m/n/12 хi-дний про-стiр
 []


Underfull \hbox (badness 3039) in paragraph at lines 124--125
\T2A/cmr/m/n/12 дних i ви-хi-дних
 []


Underfull \hbox (badness 10000) in paragraph at lines 126--127
[]|\T2A/cmr/m/n/12 Мiжканальний
 []


Underfull \hbox (badness 10000) in paragraph at lines 128--131
[]|\T2A/cmr/m/n/12 MIMO-
 []


Underfull \hbox (badness 10000) in paragraph at lines 128--131
\T2A/cmr/m/n/12 змiшування
 []


Underfull \hbox (badness 10000) in paragraph at lines 128--131
\T2A/cmr/m/n/12 ускла-дню№ вiд-
 []


Underfull \hbox (badness 10000) in paragraph at lines 128--131
\T2A/cmr/m/n/12 по-вiд-нiсть мiж
 []


Underfull \hbox (badness 10000) in paragraph at lines 128--131
\T2A/cmr/m/n/12 однi-№ю ко-ор-ди-
 []


Underfull \hbox (badness 10000) in paragraph at lines 128--131
\T2A/cmr/m/n/12 на-тою i одним
 []


Underfull \hbox (badness 5607) in paragraph at lines 136--137
[]|\T2A/cmr/m/n/12 Рекурентний ка-
 []


Underfull \hbox (badness 10000) in paragraph at lines 138--139
[]|\T2A/cmr/m/n/12 Довготривалий
 []


Underfull \hbox (badness 1418) in paragraph at lines 138--139
\T2A/cmr/m/n/12 ктур-на пам'ять,
 []


Underfull \hbox (badness 10000) in paragraph at lines 138--139
\T2A/cmr/m/n/12 аку-му-ля-цiя
 []


Underfull \hbox (badness 10000) in paragraph at lines 140--142
[]|\T2A/cmr/m/n/12 Потрiбне зi-став-
 []


Underfull \hbox (badness 10000) in paragraph at lines 140--142
\T2A/cmr/m/n/12 ле-н-ня ка-на-лiв
 []


Underfull \hbox (badness 10000) in paragraph at lines 140--142
\T2A/cmr/m/n/12 мiж рi-зни-ми
 []


Underfull \hbox (badness 8075) in paragraph at lines 145--146
[]|\T2A/cmr/m/n/12 Selective SSM, у
 []


Underfull \hbox (badness 10000) in paragraph at lines 145--146
\T2A/cmr/m/n/12 на-мi-ки за-ле-жать
 []


Underfull \hbox (badness 10000) in paragraph at lines 145--146
\T2A/cmr/m/n/12 вiд по-то-чно-го
 []


Underfull \hbox (badness 10000) in paragraph at lines 147--148
[]|\T2A/cmr/m/n/12 Вхiдно-залежний
 []


Underfull \hbox (badness 10000) in paragraph at lines 147--148
\T2A/cmr/m/n/12 мар-шрут, gate-
 []


Underfull \hbox (badness 10000) in paragraph at lines 147--148
\T2A/cmr/m/n/12 патерн або
 []


Underfull \hbox (badness 3189) in paragraph at lines 149--151
[]|\T2A/cmr/m/n/12 Контентне мар-
 []


Underfull \hbox (badness 10000) in paragraph at lines 149--151
\T2A/cmr/m/n/12 шру-ти-зу-ва-н-ня,
 []


Underfull \hbox (badness 10000) in paragraph at lines 149--151
\T2A/cmr/m/n/12 ви-бiр-ко-ве збе-
 []


Underfull \hbox (badness 10000) in paragraph at lines 149--151
\T2A/cmr/m/n/12 ре-же-н-ня або
 []


Underfull \hbox (badness 10000) in paragraph at lines 149--151
\T2A/cmr/m/n/12 за-бу-ва-н-ня iн-
 []


Underfull \hbox (badness 5924) in paragraph at lines 157--158
[]|\T2A/cmr/m/n/12 Вiзуальна мо-дель
 []


Underfull \hbox (badness 10000) in paragraph at lines 159--160
\T2A/cmr/m/n/12 пi-сля обер-не-н-ня
 []


Underfull \hbox (badness 10000) in paragraph at lines 159--160
\T2A/cmr/m/n/12 по-слi-дов-но-стi
 []


Underfull \hbox (badness 10000) in paragraph at lines 159--160
\T2A/cmr/m/n/12 па-тчiв у 2D-
 []


Underfull \hbox (badness 5274) in paragraph at lines 161--162
[]|\T2A/cmr/m/n/12 Границi, ча-сти-
 []


Underfull \hbox (badness 3029) in paragraph at lines 168--169
[]|\T2A/cmr/m/n/12 Вiзуальна SSM з
 []


Underfull \hbox (badness 10000) in paragraph at lines 170--171
[]|\T2A/cmr/m/n/12 Маршрутно-
 []


Underfull \hbox (badness 10000) in paragraph at lines 170--171
\T2A/cmr/m/n/12 залежна про-
 []


Underfull \hbox (badness 10000) in paragraph at lines 170--171
\T2A/cmr/m/n/12 сто-ро-ва озна-ка
 []


Underfull \hbox (badness 10000) in paragraph at lines 170--171
\T2A/cmr/m/n/12 або dependency
 []


Underfull \hbox (badness 10000) in paragraph at lines 172--173
[]|\T2A/cmr/m/n/12 Просторовий
 []


Underfull \hbox (badness 10000) in paragraph at lines 172--173
\T2A/cmr/m/n/12 кон-текст, гло-
 []


Underfull \hbox (badness 4291) in paragraph at lines 172--173
\T2A/cmr/m/n/12 обла-стей зо-бра-
 []


Underfull \hbox (badness 10000) in paragraph at lines 174--176
[]|\T2A/cmr/m/n/12 Потрiбна пе-ре-
 []


Underfull \hbox (badness 2689) in paragraph at lines 174--176
\T2A/cmr/m/n/12 вiр-ка ознак для
 []


Underfull \hbox (badness 10000) in paragraph at lines 174--176
\T2A/cmr/m/n/12 рi-зних на-пря-мiв
 []


Overfull \hbox (8.78487pt too wide) in alignment at lines 83--177
 [] [] [] [] [] 
 []


ignored: Infinite glue shrinkage found in box being split [1

{/usr/local/texlive/2026/texmf-var/fonts/map/pdftex/updmap/pdftex.map}{/usr/loc
al/texlive/2026/texmf-dist/fonts/enc/dvips/cm-super/cm-super-t2a.enc}]
Underfull \hbox (badness 5908) in paragraph at lines 247--247
[]|\T2A/cmr/m/n/12 Causal importance: озна-ка по-вин-на
 []

[2]
Overfull \hbox (5.93944pt too wide) in alignment at lines 295--308
 [] [] [] [] [] 
 []


Overfull \hbox (5.93944pt too wide) in alignment at lines 308--322
 [] [] [] [] [] 
 []


Underfull \hbox (badness 2050) in paragraph at lines 326--327
[]|\T2A/cmr/m/n/12 Природне за-
 []


Underfull \hbox (badness 6741) in paragraph at lines 326--327
\T2A/cmr/m/n/12 карт акти-ва-
 []


Underfull \hbox (badness 10000) in paragraph at lines 328--329
[]|\T2A/cmr/m/n/12 Можливе, але
 []


Underfull \hbox (badness 10000) in paragraph at lines 328--329
\T2A/cmr/m/n/12 ча-сто-тни-ми
 []


Underfull \hbox (badness 10000) in paragraph at lines 330--331
[]|\T2A/cmr/m/n/12 Можливе
 []


Underfull \hbox (badness 10000) in paragraph at lines 330--331
\T2A/cmr/m/n/12 для ViM та
 []


Underfull \hbox (badness 10000) in paragraph at lines 330--331
\T2A/cmr/m/n/12 VMamba пi-
 []


Underfull \hbox (badness 10000) in paragraph at lines 330--331
\T2A/cmr/m/n/12 сля обер-не-н-ня
 []


Underfull \hbox (badness 3735) in paragraph at lines 332--335
\T2A/cmr/m/n/12 ба за-мi-ни-ти на ча-
 []


Underfull \hbox (badness 3168) in paragraph at lines 332--335
\T2A/cmr/m/n/12 со-вi, ча-сто-тнi, span-
 []


Underfull \hbox (badness 2521) in paragraph at lines 340--341
[]|\T2A/cmr/m/n/12 Менш на-дiй-не,
 []


Underfull \hbox (badness 10000) in paragraph at lines 340--341
\T2A/cmr/m/n/12 си-гнал мо-же
 []


Underfull \hbox (badness 10000) in paragraph at lines 340--341
\T2A/cmr/m/n/12 ство-рю-ва-ти
 []


Underfull \hbox (badness 10000) in paragraph at lines 342--343
[]|\T2A/cmr/m/n/12 Обмежено ко-
 []


Underfull \hbox (badness 10000) in paragraph at lines 342--343
\T2A/cmr/m/n/12 ри-сне че-рез
 []


Underfull \hbox (badness 10000) in paragraph at lines 342--343
\T2A/cmr/m/n/12 кон-текс-тну
 []


Underfull \hbox (badness 10000) in paragraph at lines 342--343
\T2A/cmr/m/n/12 за-ле-жнiсть
 []


Underfull \hbox (badness 2573) in paragraph at lines 344--347
[]|\T2A/cmr/m/n/12 Потрiбнi ре-гу-ля-ри-за-
 []


Underfull \hbox (badness 3219) in paragraph at lines 344--347
\T2A/cmr/m/n/12 то-ри глад-ко-стi, спе-
 []


Underfull \hbox (badness 2980) in paragraph at lines 344--347
\T2A/cmr/m/n/12 пе-ре-вiр-ка на при-ро-
 []


Underfull \hbox (badness 10000) in paragraph at lines 348--349
[]|\T2A/cmr/m/n/12 Аналiтичний
 []


Overfull \hbox (6.65674pt too wide) in paragraph at lines 352--353
[]|\T2A/cmr/m/n/12 Найприроднiший
 []


Underfull \hbox (badness 2495) in paragraph at lines 352--353
\T2A/cmr/m/n/12 ме-тод для S4,
 []


Underfull \hbox (badness 2828) in paragraph at lines 352--353
\T2A/cmr/m/n/12 DSS, S4D, S5,
 []


Overfull \hbox (4.37259pt too wide) in paragraph at lines 354--355
[]|\T2A/cmr/m/n/12 Малопридатний,
 []


Underfull \hbox (badness 10000) in paragraph at lines 354--355
\T2A/cmr/m/n/12 бо па-ра-ме-три
 []


Underfull \hbox (badness 10000) in paragraph at lines 354--355
\T2A/cmr/m/n/12 за-ле-жать вiд
 []


Underfull \hbox (badness 10000) in paragraph at lines 356--358
[]|\T2A/cmr/m/n/12 Будуються impulse
 []


Underfull \hbox (badness 10000) in paragraph at lines 356--358
\T2A/cmr/m/n/12 response, pole map,
 []


Underfull \hbox (badness 5652) in paragraph at lines 359--360
[]|\T2A/cmr/m/n/12 Exemplar Retri-
 []


Underfull \hbox (badness 10000) in paragraph at lines 361--362
[]|\T2A/cmr/m/n/12 Вибiр при-
 []


Underfull \hbox (badness 10000) in paragraph at lines 361--362
\T2A/cmr/m/n/12 ро-дних при-
 []


Underfull \hbox (badness 2564) in paragraph at lines 361--362
\T2A/cmr/m/n/12 кла-дiв з ма-
 []


Underfull \hbox (badness 10000) in paragraph at lines 361--362
\T2A/cmr/m/n/12 кси-маль-ною
 []


Underfull \hbox (badness 1748) in paragraph at lines 363--364
\T2A/cmr/m/n/12 ра-ти при-кла-ди
 []


Underfull \hbox (badness 10000) in paragraph at lines 363--364
\T2A/cmr/m/n/12 за до-мi-ну-ва-н-
 []


Underfull \hbox (badness 10000) in paragraph at lines 363--364
\T2A/cmr/m/n/12 ням мод або
 []


Underfull \hbox (badness 1748) in paragraph at lines 365--366
\T2A/cmr/m/n/12 ра-ти при-кла-ди
 []


Underfull \hbox (badness 10000) in paragraph at lines 365--366
\T2A/cmr/m/n/12 за dependency
 []


Underfull \hbox (badness 10000) in paragraph at lines 365--366
\T2A/cmr/m/n/12 maps або
 []


Underfull \hbox (badness 10000) in paragraph at lines 367--370
[]|\T2A/cmr/m/n/12 Кластеризацiю слiд
 []


Underfull \hbox (badness 5064) in paragraph at lines 367--370
\T2A/cmr/m/n/12 про-сто-рi узго-дже-них
 []


Underfull \hbox (badness 10000) in paragraph at lines 373--374
[]|\T2A/cmr/m/n/12 Аналiз ло-
 []


Underfull \hbox (badness 10000) in paragraph at lines 373--374
\T2A/cmr/m/n/12 каль-них
 []


Underfull \hbox (badness 10000) in paragraph at lines 373--374
\T2A/cmr/m/n/12 ней-рон-них
 []


Underfull \hbox (badness 10000) in paragraph at lines 375--376
[]|\T2A/cmr/m/n/12 Аналiз ком-
 []


Underfull \hbox (badness 10000) in paragraph at lines 375--376
\T2A/cmr/m/n/12 по-зи-цiЁ мод,
 []


Underfull \hbox (badness 10000) in paragraph at lines 377--378
[]|\T2A/cmr/m/n/12 Аналiз gate-
 []


Underfull \hbox (badness 10000) in paragraph at lines 377--378
\T2A/cmr/m/n/12 conditioned
 []


Underfull \hbox (badness 3291) in paragraph at lines 379--381
[]|\T2A/cmr/m/n/12 Потрiбно пе-ре-хо-ди-ти
 []


Underfull \hbox (badness 10000) in paragraph at lines 379--381
\T2A/cmr/m/n/12 вiд ста-ти-чних ней-
 []


Underfull \hbox (badness 1163) in paragraph at lines 379--381
\T2A/cmr/m/n/12 ро-нiв до ди-на-мi-чних
 []


Underfull \hbox (badness 10000) in paragraph at lines 382--383
[]|\T2A/cmr/m/n/12 Attribution /
 []


Underfull \hbox (badness 10000) in paragraph at lines 384--385
[]|\T2A/cmr/m/n/12 Стандартнi
 []


Underfull \hbox (badness 10000) in paragraph at lines 384--385
\T2A/cmr/m/n/12 кар-ти ре-ле-
 []


Underfull \hbox (badness 10000) in paragraph at lines 386--387
\T2A/cmr/m/n/12 ре-жнi-стю, але
 []


Underfull \hbox (badness 6063) in paragraph at lines 386--387
\T2A/cmr/m/n/12 ти ре-ку-рен-тну
 []


Underfull \hbox (badness 10000) in paragraph at lines 388--389
[]|\T2A/cmr/m/n/12 Особливо
 []


Underfull \hbox (badness 10000) in paragraph at lines 388--389
\T2A/cmr/m/n/12 ва-жли-ве
 []


Underfull \hbox (badness 10000) in paragraph at lines 388--389
\T2A/cmr/m/n/12 для Mamba-
 []


Underfull \hbox (badness 2111) in paragraph at lines 388--389
\T2A/cmr/m/n/12 подiбних мо-де-
 []


Underfull \hbox (badness 10000) in paragraph at lines 390--392
[]|\T2A/cmr/m/n/12 Потрiбнi SSM-
 []


Underfull \hbox (badness 10000) in paragraph at lines 390--392
\T2A/cmr/m/n/12 специфiчнi або
 []


Underfull \hbox (badness 10000) in paragraph at lines 390--392
\T2A/cmr/m/n/12 induced-attention
 []


Underfull \hbox (badness 10000) in paragraph at lines 395--396
[]|\T2A/cmr/m/n/12 Простий i
 []


Underfull \hbox (badness 10000) in paragraph at lines 397--398
[]|\T2A/cmr/m/n/12 Добре пра-цю№
 []


Underfull \hbox (badness 10000) in paragraph at lines 397--398
\T2A/cmr/m/n/12 для pooled
 []


Underfull \hbox (badness 10000) in paragraph at lines 397--398
\T2A/cmr/m/n/12 states, modes
 []


Underfull \hbox (badness 10000) in paragraph at lines 397--398
\T2A/cmr/m/n/12 або kernel
 []


Underfull \hbox (badness 3068) in paragraph at lines 399--400
[]|\T2A/cmr/m/n/12 Добре пра-цю№,
 []


Underfull \hbox (badness 6220) in paragraph at lines 399--400
\T2A/cmr/m/n/12 хо-ву№ кон-текс-
 []


Underfull \hbox (badness 10000) in paragraph at lines 401--403
\T2A/cmr/m/n/12 ва-ти ре-гу-ля-ри-за-цiю,
 []


Underfull \hbox (badness 10000) in paragraph at lines 406--407
[]|\T2A/cmr/m/n/12 Зазвичай не
 []


Underfull \hbox (badness 4792) in paragraph at lines 408--409
[]|\T2A/cmr/m/n/12 Не за-сто-со-ву-№-
 []


Underfull \hbox (badness 10000) in paragraph at lines 410--411
[]|\T2A/cmr/m/n/12 Обов'язковий
 []


Underfull \hbox (badness 10000) in paragraph at lines 410--411
\T2A/cmr/m/n/12 для ViM та
 []


Overfull \hbox (5.93944pt too wide) in alignment at lines 322--415
 [] [] [] [] [] 
 []

[3]
Underfull \hbox (badness 2735) in paragraph at lines 427--428
[]|\T2A/cmr/bx/n/12 Вимiр по-рiв-
 []


Underfull \hbox (badness 2735) in paragraph at lines 441--442
[]|\T2A/cmr/bx/n/12 Вимiр по-рiв-
 []


Underfull \hbox (badness 10000) in paragraph at lines 454--455
[]|\T2A/cmr/m/n/12 Локальнiсть
 []


Underfull \hbox (badness 7256) in paragraph at lines 456--457
[]|\T2A/cmr/m/n/12 Просторово ло-
 []


Underfull \hbox (badness 8132) in paragraph at lines 456--457
\T2A/cmr/m/n/12 каль-на, recepti-
 []


Underfull \hbox (badness 4621) in paragraph at lines 462--464
[]|\T2A/cmr/m/n/12 Iсторiя iн-те-гру-
 []


Underfull \hbox (badness 4739) in paragraph at lines 462--464
\T2A/cmr/m/n/12 №-ться ви-бiр-ко-во
 []


Underfull \hbox (badness 10000) in paragraph at lines 467--468
[]|\T2A/cmr/m/n/12 Фiльтри згор-
 []


Underfull \hbox (badness 10000) in paragraph at lines 469--470
[]|\T2A/cmr/m/n/12 Key-query-value
 []


Underfull \hbox (badness 10000) in paragraph at lines 471--472
[]|\T2A/cmr/m/n/12 Моди, по-лю-си,
 []


Underfull \hbox (badness 10000) in paragraph at lines 471--472
\T2A/cmr/m/n/12 ядра, вла-снi
 []


Underfull \hbox (badness 10000) in paragraph at lines 473--475
[]|\T2A/cmr/m/n/12 Вхiдно-залежнi
 []


Underfull \hbox (badness 10000) in paragraph at lines 473--475
\T2A/cmr/m/n/12 мар-шру-ти та
 []


Overfull \hbox (12.53027pt too wide) in paragraph at lines 476--477
[]|\T2A/cmr/m/n/12 Iдентифiкованiсть
 []


Underfull \hbox (badness 10000) in paragraph at lines 480--481
[]|\T2A/cmr/m/n/12 Часткова:
 []


Underfull \hbox (badness 10000) in paragraph at lines 480--481
\T2A/cmr/m/n/12 attenti-on heads
 []


Underfull \hbox (badness 10000) in paragraph at lines 480--481
\T2A/cmr/m/n/12 мо-жуть ма-ти
 []


Underfull \hbox (badness 1342) in paragraph at lines 482--483
[]|\T2A/cmr/m/n/12 Низька для си-
 []


Underfull \hbox (badness 10000) in paragraph at lines 482--483
\T2A/cmr/m/n/12 рих ко-ор-ди-нат,
 []


Underfull \hbox (badness 1205) in paragraph at lines 484--486
[]|\T2A/cmr/m/n/12 Низька для ка-
 []


Underfull \hbox (badness 10000) in paragraph at lines 484--486
\T2A/cmr/m/n/12 ти-ка за-ле-жить
 []


Underfull \hbox (badness 7759) in paragraph at lines 487--488
[]|\T2A/cmr/m/n/12 Частотний ха-
 []


Underfull \hbox (badness 10000) in paragraph at lines 489--490
[]|\T2A/cmr/m/n/12 Збалансований,
 []


Underfull \hbox (badness 10000) in paragraph at lines 489--490
\T2A/cmr/m/n/12 за-ле-жить вiд
 []


Underfull \hbox (badness 2698) in paragraph at lines 489--490
\T2A/cmr/m/n/12 да-них i ар-хi-те-
 []


Underfull \hbox (badness 2285) in paragraph at lines 491--492
[]|\T2A/cmr/m/n/12 Може за-ле-жа-ти
 []


Underfull \hbox (badness 5637) in paragraph at lines 491--492
\T2A/cmr/m/n/12 вiд по-зи-цiй-но-го
 []


Underfull \hbox (badness 2285) in paragraph at lines 493--494
[]|\T2A/cmr/m/n/12 Часто схиль-ний
 []


Underfull \hbox (badness 1902) in paragraph at lines 493--494
\T2A/cmr/m/n/12 до низь-ко-ча-сто-
 []


Underfull \hbox (badness 4940) in paragraph at lines 493--494
\T2A/cmr/m/n/12 ва-лих за-ле-жно-
 []


Underfull \hbox (badness 10000) in paragraph at lines 495--497
[]|\T2A/cmr/m/n/12 Адаптивний,
 []


Underfull \hbox (badness 10000) in paragraph at lines 495--497
\T2A/cmr/m/n/12 ви-зна-ча-№-ться
 []


Underfull \hbox (badness 10000) in paragraph at lines 502--503
[]|\T2A/cmr/m/n/12 Менш жорс-тка
 []


Underfull \hbox (badness 10000) in paragraph at lines 502--503
\T2A/cmr/m/n/12 i№-рар-хiя, роль
 []


Underfull \hbox (badness 7238) in paragraph at lines 502--503
\T2A/cmr/m/n/12 ша-ру за-ле-жить
 []


Underfull \hbox (badness 10000) in paragraph at lines 504--505
[]|\T2A/cmr/m/n/12 Глибина не
 []


Underfull \hbox (badness 10000) in paragraph at lines 504--505
\T2A/cmr/m/n/12 обов'язково
 []


Underfull \hbox (badness 10000) in paragraph at lines 504--505
\T2A/cmr/m/n/12 вiд-по-вiд-а№ про-
 []


Underfull \hbox (badness 10000) in paragraph at lines 506--508
[]|\T2A/cmr/m/n/12 Глибина рад-
 []


Underfull \hbox (badness 10000) in paragraph at lines 506--508
\T2A/cmr/m/n/12 ше вiд-обра-жа№
 []


Underfull \hbox (badness 10000) in paragraph at lines 506--508
\T2A/cmr/m/n/12 скла-днiсть
 []


Underfull \hbox (badness 10000) in paragraph at lines 506--508
\T2A/cmr/m/n/12 мар-шру-ти-за-цiЁ
 []


Underfull \hbox (badness 1436) in paragraph at lines 509--510
[]|\T2A/cmr/m/n/12 Найкращий рi-
 []


Underfull \hbox (badness 2626) in paragraph at lines 513--514
[]|\T2A/cmr/m/n/12 Attention heads,
 []


Underfull \hbox (badness 10000) in paragraph at lines 513--514
\T2A/cmr/m/n/12 token embeddi-
 []


Underfull \hbox (badness 10000) in paragraph at lines 513--514
\T2A/cmr/m/n/12 ngs, MLP
 []


Underfull \hbox (badness 10000) in paragraph at lines 515--516
[]|\T2A/cmr/m/n/12 Kernel modes,
 []


Underfull \hbox (badness 10000) in paragraph at lines 515--516
\T2A/cmr/m/n/12 pole-residue
 []


Underfull \hbox (badness 10000) in paragraph at lines 515--516
\T2A/cmr/m/n/12 pai-rs, impulse
 []


Underfull \hbox (badness 10000) in paragraph at lines 517--519
[]|\T2A/cmr/m/n/12 Dependency
 []


Underfull \hbox (badness 10000) in paragraph at lines 517--519
\T2A/cmr/m/n/12 moti-fs, gate-
 []


Underfull \hbox (badness 10000) in paragraph at lines 517--519
\T2A/cmr/m/n/12 conditioned
 []


Underfull \hbox (badness 10000) in paragraph at lines 517--519
\T2A/cmr/m/n/12 paths, induced
 []

[4]
Underfull \hbox (badness 5726) in paragraph at lines 534--535
[]|\T2A/cmr/bx/n/12 Кого сто-су-№-
 []


Underfull \hbox (badness 10000) in paragraph at lines 536--537
[]|\T2A/cmr/bx/n/12 Серйознiсть
 []


Underfull \hbox (badness 10000) in paragraph at lines 538--539
[]|\T2A/cmr/bx/n/12 Серйознiсть
 []


Overfull \hbox (5.93944pt too wide) in alignment at lines 530--543
 [] [] [] [] [] 
 []


Underfull \hbox (badness 5726) in paragraph at lines 548--549
[]|\T2A/cmr/bx/n/12 Кого сто-су-№-
 []


Underfull \hbox (badness 10000) in paragraph at lines 550--551
[]|\T2A/cmr/bx/n/12 Серйознiсть
 []


Underfull \hbox (badness 10000) in paragraph at lines 552--553
[]|\T2A/cmr/bx/n/12 Серйознiсть
 []


Overfull \hbox (5.93944pt too wide) in alignment at lines 543--557
 [] [] [] [] [] 
 []


Overfull \hbox (11.68257pt too wide) in paragraph at lines 559--560
[]|\T2A/cmr/m/n/12 Неiдентифiкованiсть
 []


Underfull \hbox (badness 10000) in paragraph at lines 571--572
[]|\T2A/cmr/m/n/12 Низькочастотний
 []


Underfull \hbox (badness 10000) in paragraph at lines 573--574
[]|\T2A/cmr/m/n/12 Насамперед
 []


Underfull \hbox (badness 10000) in paragraph at lines 577--578
[]|\T2A/cmr/m/n/12 Середня або
 []


Underfull \hbox (badness 10000) in paragraph at lines 579--581
[]|\T2A/cmr/m/n/12 Додавати ча-сто-тнi
 []


Underfull \hbox (badness 3803) in paragraph at lines 582--583
[]|\T2A/cmr/m/n/12 Контекстна за-ле-
 []


Underfull \hbox (badness 10000) in paragraph at lines 586--587
[]|\T2A/cmr/m/n/12 Середня для
 []


Underfull \hbox (badness 10000) in paragraph at lines 586--587
\T2A/cmr/m/n/12 attention-
 []


Underfull \hbox (badness 1286) in paragraph at lines 590--593
\T2A/cmr/m/n/12 саль-нiсть не на рiв-
 []


Underfull \hbox (badness 10000) in paragraph at lines 594--595
[]|\T2A/cmr/m/n/12 Вiдсутнiсть про-
 []


Underfull \hbox (badness 1990) in paragraph at lines 602--605
\T2A/cmr/m/n/12 kernel analysis, а не
 []


Underfull \hbox (badness 10000) in paragraph at lines 608--609
[]|\T2A/cmr/m/n/12 ViM та
 []


Underfull \hbox (badness 10000) in paragraph at lines 614--616
\T2A/cmr/m/n/12 routes i по-вер-та-ти
 []


Underfull \hbox (badness 10000) in paragraph at lines 617--618
[]|\T2A/cmr/m/n/12 Масштабування
 []


Underfull \hbox (badness 10000) in paragraph at lines 623--624
[]|\T2A/cmr/m/n/12 Середня або
 []


Underfull \hbox (badness 10000) in paragraph at lines 625--627
[]|\T2A/cmr/m/n/12 Порiвнювати кiль-
 []


Underfull \hbox (badness 10000) in paragraph at lines 625--627
\T2A/cmr/m/n/12 ка ши-рин мо-де-лi,
 []


Underfull \hbox (badness 2080) in paragraph at lines 625--627
\T2A/cmr/m/n/12 seed-моделей i па-ра-
 []


Overfull \hbox (5.93944pt too wide) in alignment at lines 557--628
 [] [] [] [] [] 
 []


ignored: Infinite glue shrinkage found in box being split [5]
Overfull \hbox (8.78488pt too wide) in alignment at lines 638--651
 [] [] [] [] [] 
 []


Overfull \hbox (8.78488pt too wide) in alignment at lines 651--665
 [] [] [] [] [] 
 []


Underfull \hbox (badness 10000) in paragraph at lines 671--672
[]|\T2A/cmr/m/n/12 ImageNet,
 []


Underfull \hbox (badness 6808) in paragraph at lines 671--672
\T2A/cmr/m/n/12 Broden, COCO,
 []


Underfull \hbox (badness 10000) in paragraph at lines 673--674
[]|\T2A/cmr/m/n/12 КраЁ, текс-ту-ри,
 []


Underfull \hbox (badness 1454) in paragraph at lines 673--674
\T2A/cmr/m/n/12 ча-сти-ни об'№ктiв,
 []


Underfull \hbox (badness 10000) in paragraph at lines 673--674
\T2A/cmr/m/n/12 scan-direction
 []


Underfull \hbox (badness 10000) in paragraph at lines 675--677
[]|\T2A/cmr/m/n/12 IoU, deleti-on
 []


Underfull \hbox (badness 10000) in paragraph at lines 675--677
\T2A/cmr/m/n/12 AUC, cross-seed
 []


Underfull \hbox (badness 7832) in paragraph at lines 675--677
\T2A/cmr/m/n/12 matchi-ng, transfer
 []


Underfull \hbox (badness 10000) in paragraph at lines 680--681
[]|\T2A/cmr/m/n/12 S4, S5, DSS,
 []


Underfull \hbox (badness 10000) in paragraph at lines 680--681
\T2A/cmr/m/n/12 LRU, Mamba,
 []


Underfull \hbox (badness 10000) in paragraph at lines 682--683
[]|\T2A/cmr/m/n/12 Long Range
 []


Underfull \hbox (badness 10000) in paragraph at lines 682--683
\T2A/cmr/m/n/12 Arena, Pathfi-
 []


Underfull \hbox (badness 10000) in paragraph at lines 684--685
[]|\T2A/cmr/m/n/12 Довготривалi
 []


Underfull \hbox (badness 10000) in paragraph at lines 684--685
\T2A/cmr/m/n/12 за-ле-жно-стi,
 []


Underfull \hbox (badness 10000) in paragraph at lines 684--685
\T2A/cmr/m/n/12 ко-вi стру-кту-ри,
 []


Underfull \hbox (badness 10000) in paragraph at lines 686--688
[]|\T2A/cmr/m/n/12 Probe accuracy,
 []


Underfull \hbox (badness 10000) in paragraph at lines 686--688
\T2A/cmr/m/n/12 ablati-on drop,
 []


Underfull \hbox (badness 3646) in paragraph at lines 686--688
\T2A/cmr/m/n/12 length extrapolati-
 []


Underfull \hbox (badness 2828) in paragraph at lines 691--692
[]|\T2A/cmr/m/n/12 S4D, DSS, S5,
 []


Underfull \hbox (badness 10000) in paragraph at lines 693--694
[]|\T2A/cmr/m/n/12 Speech
 []


Underfull \hbox (badness 10000) in paragraph at lines 693--694
\T2A/cmr/m/n/12 Commands,
 []


Underfull \hbox (badness 10000) in paragraph at lines 695--696
[]|\T2A/cmr/m/n/12 Onsets, pi-tch
 []


Underfull \hbox (badness 10000) in paragraph at lines 695--696
\T2A/cmr/m/n/12 bands, keyword
 []


Underfull \hbox (badness 10000) in paragraph at lines 695--696
\T2A/cmr/m/n/12 spans, spectral
 []


Underfull \hbox (badness 4120) in paragraph at lines 697--699
[]|\T2A/cmr/m/n/12 Span-IoU, spectral
 []


Underfull \hbox (badness 10000) in paragraph at lines 697--699
\T2A/cmr/m/n/12 selecti-vi-ty,
 []


Underfull \hbox (badness 10000) in paragraph at lines 700--701
[]|\T2A/cmr/m/n/12 Перенесення
 []


Underfull \hbox (badness 3471) in paragraph at lines 702--703
[]|\T2A/cmr/m/n/12 Будь-якi за-мо-
 []


Underfull \hbox (badness 10000) in paragraph at lines 702--703
\T2A/cmr/m/n/12 ро-же-нi SSM,
 []


Underfull \hbox (badness 10000) in paragraph at lines 704--705
[]|\T2A/cmr/m/n/12 Малi
 []


Underfull \hbox (badness 10000) in paragraph at lines 704--705
\T2A/cmr/m/n/12 downstream-
 []


Underfull \hbox (badness 10000) in paragraph at lines 706--707
[]|\T2A/cmr/m/n/12 Канали, мо-ди,
 []


Underfull \hbox (badness 10000) in paragraph at lines 706--707
\T2A/cmr/m/n/12 pooled states,
 []


Underfull \hbox (badness 2065) in paragraph at lines 706--707
\T2A/cmr/m/n/12 dependency moti-
 []


Underfull \hbox (badness 10000) in paragraph at lines 708--710
[]|\T2A/cmr/m/n/12 Linear accuracy,
 []


Underfull \hbox (badness 10000) in paragraph at lines 708--710
\T2A/cmr/m/n/12 sample effi-ci-ency,
 []


Overfull \hbox (8.78488pt too wide) in alignment at lines 665--711
 [] [] [] [] [] 
 []


ignored: Infinite glue shrinkage found in box being split [6]
Underfull \hbox (badness 10000) in paragraph at lines 780--780
[]|\T2A/cmr/bx/n/12 Найбiльш ко-ре-
 []


Underfull \hbox (badness 10000) in paragraph at lines 780--780
[]|\T2A/cmr/m/n/12 Стабiльнi ло-каль-нi
 []


Underfull \hbox (badness 10000) in paragraph at lines 780--780
\T2A/cmr/m/n/12 фiль-три i при-ро-дна
 []


Underfull \hbox (badness 7722) in paragraph at lines 780--780
\T2A/cmr/m/n/12 же дов-гих за-ле-жно-
 []


Underfull \hbox (badness 10000) in paragraph at lines 780--780
[]|\T2A/cmr/m/n/12 Глобальнi token-to-
 []


Underfull \hbox (badness 6445) in paragraph at lines 780--780
[]|\T2A/cmr/m/n/12 Attention не зав-жди
 []


Underfull \hbox (badness 1454) in paragraph at lines 780--780
\T2A/cmr/m/n/12 № пов-ним по-ясне-н-ням
 []


Underfull \hbox (badness 10000) in paragraph at lines 780--780
[]|\T2A/cmr/m/n/12 Аналiтично до-сту-пнi
 []


Underfull \hbox (badness 10000) in paragraph at lines 780--780
\T2A/cmr/m/n/12 ча-сто-тнi ха-ра-кте-ри-
 []


Underfull \hbox (badness 10000) in paragraph at lines 780--780
[]|\T2A/cmr/m/n/12 Impulse response,
 []


Underfull \hbox (badness 10000) in paragraph at lines 780--780
[]|\T2A/cmr/m/n/12 Вхiдно-залежне мар-
 []


Underfull \hbox (badness 10000) in paragraph at lines 780--780
\T2A/cmr/m/n/12 шру-ти-зу-ва-н-ня iн-
 []


Underfull \hbox (badness 10000) in paragraph at lines 780--780
\T2A/cmr/m/n/12 фор-ма-цiЁ i лi-нiй-на
 []


Underfull \hbox (badness 1430) in paragraph at lines 780--780
\T2A/cmr/m/n/12 скла-днiсть за дов-жи-
 []


Underfull \hbox (badness 10000) in paragraph at lines 780--780
[]|\T2A/cmr/m/n/12 Gate-conditioned
 []


Underfull \hbox (badness 10000) in paragraph at lines 780--780
\T2A/cmr/m/n/12 dependency moti-fs,
 []


Underfull \hbox (badness 10000) in paragraph at lines 780--780
\T2A/cmr/m/n/12 induced attenti-on,
 []


Underfull \hbox (badness 3724) in paragraph at lines 780--780
\T2A/cmr/m/n/12 го кон-текс-ту з ефе-
 []


Underfull \hbox (badness 2529) in paragraph at lines 780--780
\T2A/cmr/m/n/12 ктив-ним ска-ну-ва-н-ням
 []


Underfull \hbox (badness 10000) in paragraph at lines 780--780
[]|\T2A/cmr/m/n/12 Можливi ар-те-фа-кти
 []


Underfull \hbox (badness 10000) in paragraph at lines 780--780
[]|\T2A/cmr/m/n/12 Inverse-scan spati-al
 []

[7] [8] (./ufe_ssm.aux)
 ***********
LaTeX2e <2025-11-01>
L3 programming layer <2026-01-19>
 ***********
Package rerunfilecheck Info: File `ufe_ssm.out' has not changed.
(rerunfilecheck)             Checksum: D41D8CD98F00B204E9800998ECF8427E;0.
 ) 
Here is how much of TeX's memory you used:
 11953 strings out of 467525
 182244 string characters out of 5418982
 623199 words of memory out of 5000000
 40720 multiletter control sequences out of 15000+600000
 635612 words of font info for 62 fonts, out of 8000000 for 9000
 1141 hyphenation exceptions out of 8191
 75i,9n,79p,233b,596s stack positions out of 10000i,1000n,20000p,200000b,200000s
</usr/local/texlive/2026/texmf-dist/fonts/type1/public/amsfonts/cm/cmex10.pfb
></usr/local/texlive/2026/texmf-dist/fonts/type1/public/amsfonts/cm/cmmi12.pfb>
</usr/local/texlive/2026/texmf-dist/fonts/type1/public/amsfonts/cm/cmmi8.pfb></
usr/local/texlive/2026/texmf-dist/fonts/type1/public/amsfonts/cm/cmr12.pfb></us
r/local/texlive/2026/texmf-dist/fonts/type1/public/amsfonts/cm/cmr8.pfb></usr/l
ocal/texlive/2026/texmf-dist/fonts/type1/public/amsfonts/cm/cmsy8.pfb></usr/loc
al/texlive/2026/texmf-dist/fonts/type1/public/cm-super/sfbx1200.pfb></usr/local
/texlive/2026/texmf-dist/fonts/type1/public/cm-super/sfbx1728.pfb></usr/local/t
exlive/2026/texmf-dist/fonts/type1/public/cm-super/sfrm1200.pfb>
Output written on ufe_ssm.pdf (8 pages, 155536 bytes).
PDF statistics:
 108 PDF objects out of 1000 (max. 8388607)
 79 compressed objects within 1 object stream
 24 named destinations out of 1000 (max. 500000)
 1 words of extra memory for PDF output out of 10000 (max. 10000000)

